Base path: E:/Unity5b14/Editor/Data
Pipe name: \\.\pipe\UnityShaderCompiler-64bit-1-3576
Cmd: getPlatforms
Cmd: preprocess
  insize=8687 outsize=2143 ok=1
Cmd: compileSnippet
  api=4 type=0 insize=6739 outsize=990 kw= ok=1
Cmd: compileSnippet
  api=4 type=1 insize=6739 outsize=1542 kw= ok=1
Cmd: compileSnippet
  api=4 type=0 insize=6735 outsize=990 kw= ok=1
Cmd: compileSnippet
  api=4 type=1 insize=6735 outsize=2184 kw= ok=1
Cmd: compileSnippet
  api=4 type=0 insize=6735 outsize=990 kw= ok=1
Cmd: compileSnippet
  api=4 type=1 insize=6735 outsize=1469 kw= ok=1
Cmd: compileSnippet
  api=4 type=0 insize=6735 outsize=990 kw= ok=1
Cmd: compileSnippet
  api=4 type=1 insize=6735 outsize=1469 kw= ok=1
Cmd: compileSnippet
  api=4 type=0 insize=6738 outsize=990 kw= ok=1
Cmd: compileSnippet
  api=4 type=1 insize=6738 outsize=1794 kw= ok=1
Cmd: compileSnippet
  api=4 type=0 insize=6738 outsize=990 kw= ok=1
Cmd: compileSnippet
  api=4 type=1 insize=6738 outsize=1469 kw= ok=1
Cmd: compileSnippet
  api=4 type=0 insize=6747 outsize=990 kw= ok=1
Cmd: compileSnippet
  api=4 type=1 insize=6747 outsize=1087 kw= ok=1
Cmd: compileSnippet
  api=4 type=0 insize=6752 outsize=990 kw= ok=1
Cmd: compileSnippet
  api=4 type=1 insize=6752 outsize=1347 kw= ok=1
Cmd: compileSnippet
  api=4 type=0 insize=6745 outsize=990 kw= ok=1
Cmd: compileSnippet
  api=4 type=1 insize=6745 outsize=852 kw= ok=1
Cmd: compileSnippet
  api=4 type=0 insize=6743 outsize=990 kw= ok=1
Cmd: compileSnippet
  api=4 type=1 insize=6743 outsize=1510 kw= ok=1
Cmd: compileSnippet
  api=4 type=0 insize=6750 outsize=990 kw= ok=1
Cmd: compileSnippet
  api=4 type=1 insize=6750 outsize=1591 kw= ok=1
Cmd: preprocess
  insize=11308 outsize=700 ok=1
Cmd: compileSnippet
  api=4 type=0 insize=10822 outsize=990 kw= ok=1
Cmd: compileSnippet
  api=4 type=1 insize=10822 outsize=1672 kw= ok=1
Cmd: compileSnippet
  api=4 type=0 insize=10846 outsize=990 kw= ok=1
Cmd: compileSnippet
  api=4 type=1 insize=10846 outsize=9269 kw= ok=1
Cmd: compileSnippet
  api=4 type=0 insize=10801 outsize=990 kw= ok=1
Cmd: compileSnippet
  api=4 type=1 insize=10801 outsize=9285 kw= ok=1
Cmd: preprocess
  insize=1329 outsize=381 ok=1
Cmd: compileSnippet
  api=4 type=0 insize=1250 outsize=1583 kw= ok=1
Cmd: compileSnippet
  api=4 type=1 insize=1250 outsize=1152 kw= ok=1
Cmd: preprocess
  insize=452 outsize=452 ok=1
Cmd: preprocess
  insize=1651 outsize=2117 ok=1
Cmd: compileSnippet
  api=4 type=0 insize=10354 outsize=1298 kw=DIRECTIONAL SHADOWS_OFF LIGHTMAP_OFF DIRLIGHTMAP_OFF DYNAMICLIGHTMAP_OFF ok=1
Cmd: compileSnippet
  api=4 type=1 insize=10354 outsize=3232 kw=DIRECTIONAL SHADOWS_OFF LIGHTMAP_OFF DIRLIGHTMAP_OFF DYNAMICLIGHTMAP_OFF ok=1
Cmd: compileSnippet
  api=4 type=2 insize=10354 outsize=7815 kw=DIRECTIONAL SHADOWS_OFF LIGHTMAP_OFF DIRLIGHTMAP_OFF DYNAMICLIGHTMAP_OFF ok=1
Cmd: compileSnippet
  api=4 type=3 insize=10354 outsize=6344 kw=DIRECTIONAL SHADOWS_OFF LIGHTMAP_OFF DIRLIGHTMAP_OFF DYNAMICLIGHTMAP_OFF ok=1
Cmd: compileSnippet
  api=4 type=0 insize=7518 outsize=1298 kw=POINT ok=1
Cmd: compileSnippet
  api=4 type=1 insize=7518 outsize=3801 kw=POINT ok=1
Cmd: compileSnippet
  api=4 type=2 insize=7518 outsize=7815 kw=POINT ok=1
Cmd: compileSnippet
  api=4 type=3 insize=7518 outsize=5337 kw=POINT ok=1
Cmd: compileSnippet
  api=4 type=0 insize=6673 outsize=1298 kw= ok=1
Cmd: compileSnippet
  api=4 type=1 insize=6673 outsize=1575 kw= ok=1
Cmd: compileSnippet
  api=4 type=2 insize=6673 outsize=7815 kw= ok=1
Cmd: compileSnippet
  api=4 type=3 insize=6673 outsize=4817 kw= ok=1
Cmd: compileSnippet
  api=4 type=0 insize=9365 outsize=1298 kw=LIGHTMAP_OFF DIRLIGHTMAP_OFF DYNAMICLIGHTMAP_OFF HDR_LIGHT_PREPASS_OFF ok=1
Cmd: compileSnippet
  api=4 type=1 insize=9365 outsize=1542 kw=LIGHTMAP_OFF DIRLIGHTMAP_OFF DYNAMICLIGHTMAP_OFF HDR_LIGHT_PREPASS_OFF ok=1
Cmd: compileSnippet
  api=4 type=2 insize=9365 outsize=7815 kw=LIGHTMAP_OFF DIRLIGHTMAP_OFF DYNAMICLIGHTMAP_OFF HDR_LIGHT_PREPASS_OFF ok=1
Cmd: compileSnippet
  api=4 type=3 insize=9365 outsize=4906 kw=LIGHTMAP_OFF DIRLIGHTMAP_OFF DYNAMICLIGHTMAP_OFF HDR_LIGHT_PREPASS_OFF ok=1
Cmd: compileSnippet
  api=4 type=0 insize=9861 outsize=1298 kw=LIGHTMAP_OFF DIRLIGHTMAP_OFF DYNAMICLIGHTMAP_OFF HDR_LIGHT_PREPASS_OFF ok=1
Cmd: compileSnippet
  api=4 type=1 insize=9861 outsize=2444 kw=LIGHTMAP_OFF DIRLIGHTMAP_OFF DYNAMICLIGHTMAP_OFF HDR_LIGHT_PREPASS_OFF ok=1
Cmd: compileSnippet
  api=4 type=2 insize=9861 outsize=7815 kw=LIGHTMAP_OFF DIRLIGHTMAP_OFF DYNAMICLIGHTMAP_OFF HDR_LIGHT_PREPASS_OFF ok=1
Cmd: compileSnippet
  api=4 type=3 insize=9861 outsize=5913 kw=LIGHTMAP_OFF DIRLIGHTMAP_OFF DYNAMICLIGHTMAP_OFF HDR_LIGHT_PREPASS_OFF ok=1
Cmd: compileSnippet
  api=4 type=0 insize=5625 outsize=1298 kw=SHADOWS_DEPTH ok=1
Cmd: compileSnippet
  api=4 type=1 insize=5625 outsize=445 kw=SHADOWS_DEPTH ok=1
Cmd: compileSnippet
  api=4 type=2 insize=5625 outsize=7815 kw=SHADOWS_DEPTH ok=1
Cmd: compileSnippet
  api=4 type=3 insize=5625 outsize=2777 kw=SHADOWS_DEPTH ok=1
Cmd: preprocess
  insize=1137 outsize=434 ok=1
Cmd: compileSnippet
  api=4 type=0 insize=997 outsize=990 kw= ok=1
Cmd: compileSnippet
  api=4 type=1 insize=997 outsize=843 kw= ok=1
Cmd: compileSnippet
  api=4 type=0 insize=996 outsize=990 kw= ok=1
Cmd: compileSnippet
  api=4 type=1 insize=996 outsize=843 kw= ok=1
Cmd: preprocess
  insize=9900 outsize=838 ok=1
Cmd: compileSnippet
  api=4 type=0 insize=9255 outsize=1908 kw= ok=1
Cmd: compileSnippet
  api=4 type=1 insize=9255 outsize=3094 kw= ok=1
Cmd: compileSnippet
  api=4 type=0 insize=9260 outsize=1997 kw= ok=1
Cmd: compileSnippet
  api=4 type=1 insize=9260 outsize=3297 kw= ok=1
Cmd: compileSnippet
  api=4 type=0 insize=9281 outsize=1339 kw= ok=1
Cmd: compileSnippet
  api=4 type=1 insize=9281 outsize=4963 kw= ok=1
Cmd: compileSnippet
  api=4 type=0 insize=9276 outsize=1339 kw= ok=1
Cmd: compileSnippet
  api=4 type=1 insize=9276 outsize=5223 kw= ok=1
Cmd: compileSnippet
  api=4 type=0 insize=9281 outsize=1477 kw= ok=1
Cmd: compileSnippet
  api=4 type=1 insize=9281 outsize=1502 kw= ok=1
Cmd: preprocess
  insize=1697 outsize=351 ok=1
Cmd: compileSnippet
  api=4 type=0 insize=1647 outsize=1347 kw= ok=1
Cmd: compileSnippet
  api=4 type=1 insize=1647 outsize=1965 kw= ok=1
Cmd: preprocess
  insize=898 outsize=349 ok=1
Cmd: compileSnippet
  api=4 type=0 insize=853 outsize=990 kw= ok=1
Cmd: compileSnippet
  api=4 type=1 insize=853 outsize=1225 kw= ok=1
Cmd: preprocess
  insize=985 outsize=309 ok=1
Cmd: compileSnippet
  api=4 type=0 insize=981 outsize=990 kw= ok=1
Cmd: compileSnippet
  api=4 type=1 insize=981 outsize=957 kw= ok=1
Cmd: preprocess
  insize=1991 outsize=491 ok=1
Cmd: compileSnippet
  api=4 type=0 insize=1802 outsize=990 kw= ok=1
Cmd: compileSnippet
  api=4 type=1 insize=1802 outsize=1688 kw= ok=1
Cmd: preprocess
  insize=1284 outsize=407 ok=1
Cmd: compileSnippet
  api=4 type=0 insize=1182 outsize=1339 kw= ok=1
Cmd: compileSnippet
  api=4 type=1 insize=1182 outsize=1526 kw= ok=1
Cmd: preprocess
  insize=3680 outsize=672 ok=1
Cmd: compileSnippet
  api=4 type=0 insize=3271 outsize=990 kw= ok=1
Cmd: compileSnippet
  api=4 type=1 insize=3271 outsize=1339 kw= ok=1
Cmd: compileSnippet
  api=4 type=0 insize=3270 outsize=990 kw= ok=1
Cmd: compileSnippet
  api=4 type=1 insize=3270 outsize=1209 kw= ok=1
Cmd: compileSnippet
  api=4 type=0 insize=3277 outsize=990 kw= ok=1
Cmd: compileSnippet
  api=4 type=1 insize=3277 outsize=2436 kw= ok=1
Cmd: preprocess
  insize=1486 outsize=2061 ok=1
Cmd: compileSnippet
  api=4 type=0 insize=10519 outsize=1298 kw=DIRECTIONAL SHADOWS_OFF LIGHTMAP_OFF DIRLIGHTMAP_OFF DYNAMICLIGHTMAP_OFF ok=1
Cmd: compileSnippet
  api=4 type=1 insize=10519 outsize=3232 kw=DIRECTIONAL SHADOWS_OFF LIGHTMAP_OFF DIRLIGHTMAP_OFF DYNAMICLIGHTMAP_OFF ok=1
Cmd: compileSnippet
  api=4 type=2 insize=10519 outsize=7750 kw=DIRECTIONAL SHADOWS_OFF LIGHTMAP_OFF DIRLIGHTMAP_OFF DYNAMICLIGHTMAP_OFF ok=1
Cmd: compileSnippet
  api=4 type=3 insize=10519 outsize=7311 kw=DIRECTIONAL SHADOWS_OFF LIGHTMAP_OFF DIRLIGHTMAP_OFF DYNAMICLIGHTMAP_OFF ok=1
Cmd: compileSnippet
  api=4 type=0 insize=7683 outsize=1298 kw=POINT ok=1
Cmd: compileSnippet
  api=4 type=1 insize=7683 outsize=3801 kw=POINT ok=1
Cmd: compileSnippet
  api=4 type=2 insize=7683 outsize=7750 kw=POINT ok=1
Cmd: compileSnippet
  api=4 type=3 insize=7683 outsize=6303 kw=POINT ok=1
Cmd: compileSnippet
  api=4 type=0 insize=6838 outsize=1298 kw= ok=1
Cmd: compileSnippet
  api=4 type=1 insize=6838 outsize=1575 kw= ok=1
Cmd: compileSnippet
  api=4 type=2 insize=6838 outsize=7750 kw= ok=1
Cmd: compileSnippet
  api=4 type=3 insize=6838 outsize=5783 kw= ok=1
Cmd: compileSnippet
  api=4 type=0 insize=9530 outsize=1298 kw=LIGHTMAP_OFF DIRLIGHTMAP_OFF DYNAMICLIGHTMAP_OFF HDR_LIGHT_PREPASS_OFF ok=1
Cmd: compileSnippet
  api=4 type=1 insize=9530 outsize=1542 kw=LIGHTMAP_OFF DIRLIGHTMAP_OFF DYNAMICLIGHTMAP_OFF HDR_LIGHT_PREPASS_OFF ok=1
Cmd: compileSnippet
  api=4 type=2 insize=9530 outsize=7750 kw=LIGHTMAP_OFF DIRLIGHTMAP_OFF DYNAMICLIGHTMAP_OFF HDR_LIGHT_PREPASS_OFF ok=1
Cmd: compileSnippet
  api=4 type=3 insize=9530 outsize=5873 kw=LIGHTMAP_OFF DIRLIGHTMAP_OFF DYNAMICLIGHTMAP_OFF HDR_LIGHT_PREPASS_OFF ok=1
Cmd: compileSnippet
  api=4 type=0 insize=10026 outsize=1298 kw=LIGHTMAP_OFF DIRLIGHTMAP_OFF DYNAMICLIGHTMAP_OFF HDR_LIGHT_PREPASS_OFF ok=1
Cmd: compileSnippet
  api=4 type=1 insize=10026 outsize=2444 kw=LIGHTMAP_OFF DIRLIGHTMAP_OFF DYNAMICLIGHTMAP_OFF HDR_LIGHT_PREPASS_OFF ok=1
Cmd: compileSnippet
  api=4 type=2 insize=10026 outsize=7750 kw=LIGHTMAP_OFF DIRLIGHTMAP_OFF DYNAMICLIGHTMAP_OFF HDR_LIGHT_PREPASS_OFF ok=1
Cmd: compileSnippet
  api=4 type=3 insize=10026 outsize=6880 kw=LIGHTMAP_OFF DIRLIGHTMAP_OFF DYNAMICLIGHTMAP_OFF HDR_LIGHT_PREPASS_OFF ok=1
Cmd: compileSnippet
  api=4 type=0 insize=5790 outsize=1298 kw=SHADOWS_DEPTH ok=1
Cmd: compileSnippet
  api=4 type=1 insize=5790 outsize=445 kw=SHADOWS_DEPTH ok=1
Cmd: compileSnippet
  api=4 type=2 insize=5790 outsize=7750 kw=SHADOWS_DEPTH ok=1
Cmd: compileSnippet
  api=4 type=3 insize=5790 outsize=3305 kw=SHADOWS_DEPTH ok=1
Cmd: preprocess
  insize=1223 outsize=401 ok=1
Cmd: compileSnippet
  api=4 type=0 insize=1124 outsize=990 kw= ok=1
Cmd: compileSnippet
  api=4 type=1 insize=1124 outsize=1615 kw= ok=1
Cmd: preprocess
  insize=6790 outsize=826 ok=1
Cmd: compileSnippet
  api=4 type=0 insize=2022 outsize=1209 kw= ok=1
Cmd: compileSnippet
  api=4 type=1 insize=2022 outsize=12235 kw= ok=1
Cmd: compileSnippet
  api=4 type=0 insize=2293 outsize=1209 kw= ok=1
Cmd: compileSnippet
  api=4 type=1 insize=2293 outsize=20132 kw= ok=1
Cmd: compileSnippet
  api=4 type=0 insize=2810 outsize=1209 kw= ok=1
Cmd: compileSnippet
  api=4 type=1 insize=2810 outsize=35927 kw= ok=1
Cmd: compileSnippet
  api=4 type=0 insize=3114 outsize=1071 kw= ok=1
Cmd: compileSnippet
  api=4 type=1 insize=3114 outsize=4012 kw= ok=1
Cmd: compileSnippet
  api=4 type=0 insize=2017 outsize=1103 kw= ok=1
Cmd: compileSnippet
  api=4 type=1 insize=2017 outsize=1095 kw= ok=1
Cmd: preprocess
  insize=1157 outsize=308 ok=1
Cmd: compileSnippet
  api=4 type=0 insize=1154 outsize=1737 kw= ok=1
Cmd: compileSnippet
  api=4 type=1 insize=1154 outsize=1396 kw= ok=1
Cmd: preprocess
  insize=1097 outsize=876 ok=1
Cmd: compileSnippet
  api=4 type=0 insize=6276 outsize=3403 kw=DIRECTIONAL SHADOWS_OFF LIGHTMAP_OFF DIRLIGHTMAP_OFF DYNAMICLIGHTMAP_OFF ok=1
Cmd: compileSnippet
  api=4 type=1 insize=6276 outsize=1502 kw=DIRECTIONAL SHADOWS_OFF LIGHTMAP_OFF DIRLIGHTMAP_OFF DYNAMICLIGHTMAP_OFF ok=1
Cmd: compileSnippet
  api=4 type=0 insize=3908 outsize=2737 kw=POINT ok=1
Cmd: compileSnippet
  api=4 type=1 insize=3908 outsize=2135 kw=POINT ok=1
Cmd: preprocess
  insize=2527 outsize=790 ok=1
Cmd: compileSnippet
  api=4 type=0 insize=1999 outsize=1339 kw= ok=1
Cmd: compileSnippet
  api=4 type=1 insize=1999 outsize=1201 kw= ok=1
Cmd: compileSnippet
  api=4 type=0 insize=1996 outsize=1339 kw= ok=1
Cmd: compileSnippet
  api=4 type=1 insize=1996 outsize=933 kw= ok=1
Cmd: compileSnippet
  api=4 type=0 insize=2010 outsize=1640 kw= ok=1
Cmd: compileSnippet
  api=4 type=1 insize=2010 outsize=1307 kw= ok=1
Cmd: compileSnippet
  api=4 type=0 insize=2008 outsize=1339 kw= ok=1
Cmd: compileSnippet
  api=4 type=1 insize=2008 outsize=852 kw= ok=1
Cmd: preprocess
  insize=940 outsize=295 ok=1
Cmd: compileSnippet
  api=4 type=0 insize=950 outsize=990 kw= ok=1
Cmd: compileSnippet
  api=4 type=1 insize=950 outsize=990 kw= ok=1
Cmd: preprocess
  insize=1379 outsize=387 ok=1
Cmd: compileSnippet
  api=4 type=0 insize=1294 outsize=1453 kw= ok=1
Cmd: compileSnippet
  api=4 type=1 insize=1294 outsize=1437 kw= ok=1
Cmd: preprocess
  insize=1431 outsize=348 ok=1
Cmd: compileSnippet
  api=4 type=0 insize=1389 outsize=1786 kw= ok=1
Cmd: compileSnippet
  api=4 type=1 insize=1389 outsize=965 kw= ok=1
Cmd: preprocess
  insize=1230 outsize=267 ok=1
Cmd: compileSnippet
  api=4 type=0 insize=1267 outsize=1827 kw= ok=1
Cmd: compileSnippet
  api=4 type=1 insize=1267 outsize=1355 kw= ok=1
Cmd: preprocess
  insize=2379 outsize=1092 ok=1
Cmd: preprocess
  insize=1406 outsize=348 ok=1
Cmd: compileSnippet
  api=4 type=0 insize=1360 outsize=1347 kw= ok=1
Cmd: compileSnippet
  api=4 type=1 insize=1360 outsize=1502 kw= ok=1
Cmd: preprocess
  insize=1262 outsize=322 ok=1
Cmd: compileSnippet
  api=4 type=0 insize=1245 outsize=1298 kw= ok=1
Cmd: compileSnippet
  api=4 type=1 insize=1245 outsize=1428 kw= ok=1
Cmd: preprocess
  insize=2328 outsize=648 ok=1
Cmd: compileSnippet
  api=4 type=0 insize=1986 outsize=1428 kw= ok=1
Cmd: compileSnippet
  api=4 type=1 insize=1986 outsize=2867 kw= ok=1
Cmd: preprocess
  insize=954 outsize=269 ok=1
Cmd: compileSnippet
  api=4 type=0 insize=985 outsize=1055 kw= ok=1
Cmd: compileSnippet
  api=4 type=1 insize=985 outsize=1217 kw= ok=1
Cmd: preprocess
  insize=674 outsize=320 ok=1
Cmd: compileSnippet
  api=4 type=0 insize=654 outsize=990 kw= ok=1
Cmd: compileSnippet
  api=4 type=1 insize=654 outsize=1055 kw= ok=1
Cmd: preprocess
  insize=6423 outsize=1035 ok=1
Cmd: compileSnippet
  api=4 type=0 insize=5603 outsize=1298 kw= ok=1
Cmd: compileSnippet
  api=4 type=1 insize=5603 outsize=876 kw= ok=1
Cmd: compileSnippet
  api=4 type=0 insize=5612 outsize=1583 kw= ok=1
Cmd: compileSnippet
  api=4 type=1 insize=5612 outsize=1518 kw= ok=1
Cmd: compileSnippet
  api=4 type=0 insize=5616 outsize=1396 kw= ok=1
Cmd: compileSnippet
  api=4 type=1 insize=5616 outsize=1518 kw= ok=1
Cmd: compileSnippet
  api=4 type=0 insize=5617 outsize=1396 kw= ok=1
Cmd: compileSnippet
  api=4 type=1 insize=5617 outsize=1518 kw= ok=1
Cmd: compileSnippet
  api=4 type=0 insize=5621 outsize=1753 kw= ok=1
Cmd: compileSnippet
  api=4 type=1 insize=5621 outsize=1786 kw= ok=1
Cmd: compileSnippet
  api=4 type=0 insize=5623 outsize=1753 kw= ok=1
Cmd: compileSnippet
  api=4 type=1 insize=5623 outsize=1786 kw= ok=1
Cmd: preprocess
  insize=2340 outsize=1021 ok=1
Cmd: compileSnippet
  api=4 type=0 insize=1618 outsize=1274 kw=SOFTPARTICLES_OFF ok=1
Cmd: compileSnippet
  api=4 type=1 insize=1618 outsize=852 kw=SOFTPARTICLES_OFF ok=1
Cmd: preprocess
  insize=33400 outsize=269 ok=1
Cmd: compileSnippet
  api=4 type=0 insize=33432 outsize=990 kw= ok=1
Cmd: compileSnippet
  api=4 type=1 insize=33432 outsize=10748 kw= ok=1
Cmd: preprocess
  insize=1219 outsize=261 ok=1
Cmd: compileSnippet
  api=4 type=0 insize=1260 outsize=1258 kw= ok=1
Cmd: compileSnippet
  api=4 type=1 insize=1260 outsize=1437 kw= ok=1
Cmd: preprocess
  insize=4124 outsize=535 ok=1
Cmd: compileSnippet
  api=4 type=0 insize=3767 outsize=1843 kw= ok=1
Cmd: compileSnippet
  api=4 type=1 insize=3767 outsize=3232 kw= ok=1
Cmd: compileSnippet
  api=4 type=0 insize=3769 outsize=1843 kw= ok=1
Cmd: compileSnippet
  api=4 type=1 insize=3769 outsize=2322 kw= ok=1
Cmd: compileSnippet
  api=4 type=0 insize=3769 outsize=1843 kw= ok=1
Cmd: compileSnippet
  api=4 type=1 insize=3769 outsize=3118 kw= ok=1
Cmd: preprocess
  insize=1050 outsize=267 ok=1
Cmd: compileSnippet
  api=4 type=0 insize=1084 outsize=1534 kw= ok=1
Cmd: compileSnippet
  api=4 type=1 insize=1084 outsize=1144 kw= ok=1
Cmd: preprocess
  insize=4990 outsize=1861 ok=1
Cmd: compileSnippet
  api=4 type=0 insize=3308 outsize=1339 kw= ok=1
Cmd: compileSnippet
  api=4 type=1 insize=3308 outsize=1160 kw= ok=1
Cmd: compileSnippet
  api=4 type=0 insize=3306 outsize=1339 kw= ok=1
Cmd: compileSnippet
  api=4 type=1 insize=3306 outsize=933 kw= ok=1
Cmd: compileSnippet
  api=4 type=0 insize=3322 outsize=1753 kw= ok=1
Cmd: compileSnippet
  api=4 type=1 insize=3322 outsize=1428 kw= ok=1
Cmd: compileSnippet
  api=4 type=0 insize=3314 outsize=1339 kw= ok=1
Cmd: compileSnippet
  api=4 type=1 insize=3314 outsize=852 kw= ok=1
Cmd: compileSnippet
  api=4 type=0 insize=3314 outsize=1339 kw= ok=1
Cmd: compileSnippet
  api=4 type=1 insize=3314 outsize=1160 kw= ok=1
Cmd: compileSnippet
  api=4 type=0 insize=3311 outsize=1339 kw= ok=1
Cmd: compileSnippet
  api=4 type=1 insize=3311 outsize=933 kw= ok=1
Cmd: compileSnippet
  api=4 type=0 insize=3323 outsize=1753 kw= ok=1
Cmd: compileSnippet
  api=4 type=1 insize=3323 outsize=1355 kw= ok=1
Cmd: compileSnippet
  api=4 type=0 insize=3316 outsize=1339 kw= ok=1
Cmd: compileSnippet
  api=4 type=1 insize=3316 outsize=770 kw= ok=1
Cmd: compileSnippet
  api=4 type=0 insize=3309 outsize=1339 kw= ok=1
Cmd: compileSnippet
  api=4 type=1 insize=3309 outsize=559 kw= ok=1
Cmd: compileSnippet
  api=4 type=0 insize=3313 outsize=1339 kw= ok=1
Cmd: compileSnippet
  api=4 type=1 insize=3313 outsize=762 kw= ok=1
Cmd: compileSnippet
  api=4 type=0 insize=3308 outsize=1339 kw= ok=1
Cmd: compileSnippet
  api=4 type=1 insize=3308 outsize=648 kw= ok=1
Cmd: preprocess
  insize=13303 outsize=1954 ok=1
Cmd: compileSnippet
  api=4 type=0 insize=11499 outsize=990 kw= ok=1
Cmd: compileSnippet
  api=4 type=1 insize=11499 outsize=2160 kw= ok=1
Cmd: compileSnippet
  api=4 type=0 insize=11491 outsize=990 kw= ok=1
Cmd: compileSnippet
  api=4 type=1 insize=11491 outsize=843 kw= ok=1
Cmd: compileSnippet
  api=4 type=0 insize=11493 outsize=990 kw= ok=1
Cmd: compileSnippet
  api=4 type=1 insize=11493 outsize=1916 kw= ok=1
Cmd: compileSnippet
  api=4 type=0 insize=11499 outsize=990 kw= ok=1
Cmd: compileSnippet
  api=4 type=1 insize=11499 outsize=3703 kw= ok=1
Cmd: compileSnippet
  api=4 type=0 insize=11509 outsize=990 kw= ok=1
Cmd: compileSnippet
  api=4 type=1 insize=11509 outsize=5881 kw= ok=1
Cmd: compileSnippet
  api=4 type=0 insize=11495 outsize=990 kw= ok=1
Cmd: compileSnippet
  api=4 type=1 insize=11495 outsize=1615 kw= ok=1
Cmd: compileSnippet
  api=4 type=0 insize=11501 outsize=990 kw= ok=1
Cmd: compileSnippet
  api=4 type=1 insize=11501 outsize=3013 kw= ok=1
Cmd: compileSnippet
  api=4 type=0 insize=11507 outsize=990 kw= ok=1
Cmd: compileSnippet
  api=4 type=1 insize=11507 outsize=9277 kw= ok=1
Cmd: preprocess
  insize=1021 outsize=353 ok=1
Cmd: compileSnippet
  api=4 type=0 insize=973 outsize=990 kw= ok=1
Cmd: compileSnippet
  api=4 type=1 insize=973 outsize=1038 kw= ok=1
Cmd: preprocess
  insize=6260 outsize=774 ok=1
Cmd: compileSnippet
  api=4 type=0 insize=5459 outsize=1859 kw= ok=1
Cmd: compileSnippet
  api=4 type=1 insize=5459 outsize=4020 kw= ok=1
Cmd: compileSnippet
  api=4 type=0 insize=5468 outsize=1859 kw= ok=1
Cmd: compileSnippet
  api=4 type=1 insize=5468 outsize=3135 kw= ok=1
Cmd: compileSnippet
  api=4 type=0 insize=5462 outsize=1859 kw= ok=1
Cmd: compileSnippet
  api=4 type=1 insize=5462 outsize=3167 kw= ok=1
Cmd: compileSnippet
  api=4 type=0 insize=5473 outsize=1859 kw= ok=1
Cmd: compileSnippet
  api=4 type=1 insize=5473 outsize=2347 kw= ok=1
Cmd: compileSnippet
  api=4 type=0 insize=5468 outsize=1859 kw= ok=1
Cmd: compileSnippet
  api=4 type=1 insize=5468 outsize=1908 kw= ok=1
Cmd: preprocess
  insize=2810 outsize=804 ok=1
Cmd: compileSnippet
  api=4 type=0 insize=2269 outsize=1428 kw= ok=1
Cmd: compileSnippet
  api=4 type=1 insize=2269 outsize=933 kw= ok=1
Cmd: compileSnippet
  api=4 type=0 insize=2270 outsize=1428 kw= ok=1
Cmd: compileSnippet
  api=4 type=1 insize=2270 outsize=1160 kw= ok=1
Cmd: compileSnippet
  api=4 type=0 insize=2273 outsize=1428 kw= ok=1
Cmd: compileSnippet
  api=4 type=1 insize=2273 outsize=973 kw= ok=1
Cmd: compileSnippet
  api=4 type=0 insize=2272 outsize=1428 kw= ok=1
Cmd: compileSnippet
  api=4 type=1 insize=2272 outsize=1973 kw= ok=1
Cmd: compileSnippet
  api=4 type=0 insize=2275 outsize=1428 kw= ok=1
Cmd: compileSnippet
  api=4 type=1 insize=2275 outsize=957 kw= ok=1
Cmd: preprocess
  insize=11175 outsize=2604 ok=1
Cmd: compileSnippet
  api=4 type=0 insize=8776 outsize=1298 kw= ok=1
Cmd: compileSnippet
  api=4 type=1 insize=8776 outsize=4459 kw= ok=1
Cmd: compileSnippet
  api=4 type=0 insize=8782 outsize=1298 kw= ok=1
Cmd: compileSnippet
  api=4 type=1 insize=8782 outsize=2436 kw= ok=1
Cmd: compileSnippet
  api=4 type=0 insize=8781 outsize=1298 kw= ok=1
Cmd: compileSnippet
  api=4 type=1 insize=8781 outsize=876 kw= ok=1
Cmd: compileSnippet
  api=4 type=0 insize=8786 outsize=1298 kw= ok=1
Cmd: compileSnippet
  api=4 type=1 insize=8786 outsize=1729 kw= ok=1
Cmd: compileSnippet
  api=4 type=0 insize=8785 outsize=1298 kw= ok=1
Cmd: compileSnippet
  api=4 type=1 insize=8785 outsize=1331 kw= ok=1
Cmd: preprocess
  insize=2590 outsize=1205 ok=1
Cmd: compileSnippet
  api=4 type=0 insize=1687 outsize=1567 kw= ok=1
Cmd: compileSnippet
  api=4 type=1 insize=1687 outsize=1493 kw= ok=1
Cmd: preprocess
  insize=12909 outsize=2450 ok=1
Cmd: compileSnippet
  api=4 type=0 insize=10498 outsize=990 kw= ok=1
Cmd: compileSnippet
  api=4 type=1 insize=10498 outsize=1177 kw= ok=1
Cmd: compileSnippet
  api=4 type=0 insize=10498 outsize=990 kw= ok=1
Cmd: compileSnippet
  api=4 type=1 insize=10498 outsize=1615 kw= ok=1
Cmd: compileSnippet
  api=4 type=0 insize=10498 outsize=990 kw= ok=1
Cmd: compileSnippet
  api=4 type=1 insize=10498 outsize=1688 kw= ok=1
Cmd: compileSnippet
  api=4 type=0 insize=10481 outsize=990 kw= ok=1
Cmd: compileSnippet
  api=4 type=1 insize=10481 outsize=1209 kw= ok=1
Cmd: compileSnippet
  api=4 type=0 insize=10500 outsize=990 kw= ok=1
Cmd: compileSnippet
  api=4 type=1 insize=10500 outsize=1339 kw= ok=1
Cmd: compileSnippet
  api=4 type=0 insize=10481 outsize=990 kw= ok=1
Cmd: compileSnippet
  api=4 type=1 insize=10481 outsize=1607 kw= ok=1
Cmd: compileSnippet
  api=4 type=0 insize=10526 outsize=1347 kw= ok=1
Cmd: compileSnippet
  api=4 type=1 insize=10526 outsize=1851 kw= ok=1
Cmd: compileSnippet
  api=4 type=0 insize=10480 outsize=990 kw= ok=1
Cmd: compileSnippet
  api=4 type=1 insize=10480 outsize=510 kw= ok=1
Cmd: compileSnippet
  api=4 type=0 insize=10484 outsize=990 kw= ok=1
Cmd: compileSnippet
  api=4 type=1 insize=10484 outsize=600 kw= ok=1
Cmd: compileSnippet
  api=4 type=0 insize=10506 outsize=2160 kw= ok=1
Cmd: compileSnippet
  api=4 type=1 insize=10506 outsize=2923 kw= ok=1
Cmd: compileSnippet
  api=4 type=0 insize=10500 outsize=2160 kw= ok=1
Cmd: compileSnippet
  api=4 type=1 insize=10500 outsize=3086 kw= ok=1
Cmd: compileSnippet
  api=4 type=0 insize=10506 outsize=2160 kw= ok=1
Cmd: compileSnippet
  api=4 type=1 insize=10506 outsize=2923 kw= ok=1
Cmd: preprocess
  insize=2006 outsize=464 ok=1
Cmd: compileSnippet
  api=4 type=0 insize=1813 outsize=990 kw= ok=1
Cmd: compileSnippet
  api=4 type=1 insize=1813 outsize=1599 kw= ok=1
Cmd: compileSnippet
  api=4 type=0 insize=1826 outsize=990 kw= ok=1
Cmd: compileSnippet
  api=4 type=1 insize=1826 outsize=1550 kw= ok=1
Cmd: preprocess
  insize=1412 outsize=670 ok=1
Cmd: compileSnippet
  api=4 type=0 insize=1048 outsize=1599 kw= ok=1
Cmd: compileSnippet
  api=4 type=1 insize=1048 outsize=502 kw= ok=1
Cmd: preprocess
  insize=1599 outsize=295 ok=1
Cmd: compileSnippet
  api=4 type=0 insize=1609 outsize=1737 kw= ok=1
Cmd: compileSnippet
  api=4 type=1 insize=1609 outsize=2355 kw= ok=1
Cmd: preprocess
  insize=24902 outsize=4362 ok=1
Cmd: compileSnippet
  api=4 type=0 insize=19789 outsize=1298 kw= ok=1
Cmd: compileSnippet
  api=4 type=1 insize=19789 outsize=1420 kw= ok=1
Cmd: compileSnippet
  api=4 type=0 insize=19796 outsize=2095 kw= ok=1
Cmd: compileSnippet
  api=4 type=1 insize=19796 outsize=3915 kw= ok=1
Cmd: compileSnippet
  api=4 type=0 insize=19800 outsize=2095 kw= ok=1
Cmd: compileSnippet
  api=4 type=1 insize=19800 outsize=7571 kw= ok=1
Cmd: compileSnippet
  api=4 type=0 insize=19779 outsize=1298 kw= ok=1
Cmd: compileSnippet
  api=4 type=1 insize=19779 outsize=648 kw= ok=1
Cmd: compileSnippet
  api=4 type=0 insize=19795 outsize=1298 kw= ok=1
Cmd: compileSnippet
  api=4 type=1 insize=19795 outsize=1412 kw= ok=1
Cmd: compileSnippet
  api=4 type=0 insize=19782 outsize=1298 kw= ok=1
Cmd: compileSnippet
  api=4 type=1 insize=19782 outsize=2558 kw= ok=1
Cmd: compileSnippet
  api=4 type=0 insize=19793 outsize=1298 kw= ok=1
Cmd: compileSnippet
  api=4 type=1 insize=19793 outsize=2095 kw= ok=1
Cmd: compileSnippet
  api=4 type=0 insize=19789 outsize=1298 kw= ok=1
Cmd: compileSnippet
  api=4 type=1 insize=19789 outsize=827 kw= ok=1
Cmd: compileSnippet
  api=4 type=0 insize=19799 outsize=1298 kw= ok=1
Cmd: compileSnippet
  api=4 type=1 insize=19799 outsize=1485 kw= ok=1
Cmd: compileSnippet
  api=4 type=0 insize=19792 outsize=1298 kw= ok=1
Cmd: compileSnippet
  api=4 type=1 insize=19792 outsize=1217 kw= ok=1
Cmd: compileSnippet
  api=4 type=0 insize=19799 outsize=1298 kw= ok=1
Cmd: compileSnippet
  api=4 type=1 insize=19799 outsize=1802 kw= ok=1
Cmd: compileSnippet
  api=4 type=0 insize=19787 outsize=1298 kw= ok=1
Cmd: compileSnippet
  api=4 type=1 insize=19787 outsize=3086 kw= ok=1
Cmd: compileSnippet
  api=4 type=0 insize=19796 outsize=1298 kw= ok=1
Cmd: compileSnippet
  api=4 type=1 insize=19796 outsize=3484 kw= ok=1
Cmd: compileSnippet
  api=4 type=0 insize=19783 outsize=1298 kw= ok=1
Cmd: compileSnippet
  api=4 type=1 insize=19783 outsize=1542 kw= ok=1
Cmd: compileSnippet
  api=4 type=0 insize=19797 outsize=1298 kw= ok=1
Cmd: compileSnippet
  api=4 type=1 insize=19797 outsize=1030 kw= ok=1
Cmd: compileSnippet
  api=4 type=0 insize=19788 outsize=1298 kw= ok=1
Cmd: compileSnippet
  api=4 type=1 insize=19788 outsize=1388 kw= ok=1
Cmd: compileSnippet
  api=4 type=0 insize=19783 outsize=1298 kw= ok=1
Cmd: compileSnippet
  api=4 type=1 insize=19783 outsize=843 kw= ok=1
Cmd: compileSnippet
  api=4 type=0 insize=19788 outsize=1298 kw= ok=1
Cmd: compileSnippet
  api=4 type=1 insize=19788 outsize=3842 kw= ok=1
Cmd: compileSnippet
  api=4 type=0 insize=19797 outsize=1298 kw= ok=1
Cmd: compileSnippet
  api=4 type=1 insize=19797 outsize=3744 kw= ok=1
Cmd: compileSnippet
  api=4 type=0 insize=19806 outsize=2095 kw= ok=1
Cmd: compileSnippet
  api=4 type=1 insize=19806 outsize=4654 kw= ok=1
Cmd: compileSnippet
  api=4 type=0 insize=19785 outsize=1298 kw= ok=1
Cmd: compileSnippet
  api=4 type=1 insize=19785 outsize=762 kw= ok=1
Cmd: compileSnippet
  api=4 type=0 insize=19787 outsize=1298 kw= ok=1
Cmd: compileSnippet
  api=4 type=1 insize=19787 outsize=2558 kw= ok=1
Cmd: compileSnippet
  api=4 type=0 insize=19803 outsize=1298 kw= ok=1
Cmd: compileSnippet
  api=4 type=1 insize=19803 outsize=648 kw= ok=1
Cmd: preprocess
  insize=4094 outsize=562 ok=1
Cmd: compileSnippet
  api=4 type=0 insize=3827 outsize=1737 kw= ok=1
Cmd: compileSnippet
  api=4 type=1 insize=3827 outsize=2932 kw= ok=1
Cmd: compileSnippet
  api=4 type=0 insize=3840 outsize=1737 kw= ok=1
Cmd: compileSnippet
  api=4 type=1 insize=3840 outsize=1778 kw= ok=1
Cmd: compileSnippet
  api=4 type=0 insize=3831 outsize=1737 kw= ok=1
Cmd: compileSnippet
  api=4 type=1 insize=3831 outsize=2038 kw= ok=1
Cmd: preprocess
  insize=1760 outsize=300 ok=1
Cmd: compileSnippet
  api=4 type=0 insize=1762 outsize=1713 kw= ok=1
Cmd: compileSnippet
  api=4 type=1 insize=1762 outsize=3248 kw= ok=1
Cmd: preprocess
  insize=1026 outsize=355 ok=1
Cmd: compileSnippet
  api=4 type=0 insize=973 outsize=990 kw= ok=1
Cmd: compileSnippet
  api=4 type=1 insize=973 outsize=1282 kw= ok=1
Cmd: preprocess
  insize=1156 outsize=433 ok=1
Cmd: compileSnippet
  api=4 type=0 insize=994 outsize=990 kw= ok=1
Cmd: compileSnippet
  api=4 type=1 insize=994 outsize=949 kw= ok=1
Cmd: compileSnippet
  api=4 type=0 insize=1000 outsize=990 kw= ok=1
Cmd: compileSnippet
  api=4 type=1 insize=1000 outsize=1006 kw= ok=1
Cmd: preprocess
  insize=711 outsize=266 ok=1
Cmd: compileSnippet
  api=4 type=0 insize=745 outsize=990 kw= ok=1
Cmd: compileSnippet
  api=4 type=1 insize=745 outsize=819 kw= ok=1
Cmd: preprocess
  insize=5806 outsize=895 ok=1
Cmd: compileSnippet
  api=4 type=0 insize=5078 outsize=1558 kw= ok=1
Cmd: compileSnippet
  api=4 type=1 insize=5078 outsize=2135 kw= ok=1
Cmd: compileSnippet
  api=4 type=0 insize=5081 outsize=1558 kw= ok=1
Cmd: compileSnippet
  api=4 type=1 insize=5081 outsize=1640 kw= ok=1
Cmd: compileSnippet
  api=4 type=0 insize=5085 outsize=1558 kw= ok=1
Cmd: compileSnippet
  api=4 type=1 insize=5085 outsize=1802 kw= ok=1
Cmd: compileSnippet
  api=4 type=0 insize=5094 outsize=990 kw= ok=1
Cmd: compileSnippet
  api=4 type=1 insize=5094 outsize=1038 kw= ok=1
Cmd: compileSnippet
  api=4 type=0 insize=5075 outsize=1558 kw= ok=1
Cmd: compileSnippet
  api=4 type=1 insize=5075 outsize=2135 kw= ok=1
Cmd: preprocess
  insize=5373 outsize=779 ok=1
Cmd: compileSnippet
  api=4 type=0 insize=4745 outsize=990 kw= ok=1
Cmd: compileSnippet
  api=4 type=1 insize=4745 outsize=811 kw= ok=1
Cmd: compileSnippet
  api=4 type=0 insize=4750 outsize=2135 kw= ok=1
Cmd: compileSnippet
  api=4 type=1 insize=4750 outsize=1835 kw= ok=1
Cmd: compileSnippet
  api=4 type=0 insize=4760 outsize=2143 kw= ok=1
Cmd: compileSnippet
  api=4 type=1 insize=4760 outsize=2395 kw= ok=1
Cmd: compileSnippet
  api=4 type=0 insize=4755 outsize=2143 kw= ok=1
Cmd: compileSnippet
  api=4 type=1 insize=4755 outsize=2030 kw= ok=1
Cmd: compileSnippet
  api=4 type=0 insize=4761 outsize=1737 kw= ok=1
Cmd: compileSnippet
  api=4 type=1 insize=4761 outsize=2355 kw= ok=1
Cmd: preprocess
  insize=555 outsize=363 ok=1
Cmd: compileSnippet
  api=4 type=0 insize=494 outsize=990 kw= ok=1
Cmd: compileSnippet
  api=4 type=1 insize=494 outsize=868 kw= ok=1
Cmd: preprocess
  insize=6723 outsize=956 ok=1
Cmd: compileSnippet
  api=4 type=0 insize=5804 outsize=1298 kw= ok=1
Cmd: compileSnippet
  api=4 type=1 insize=5804 outsize=795 kw= ok=1
Cmd: compileSnippet
  api=4 type=0 insize=5804 outsize=1298 kw= ok=1
Cmd: compileSnippet
  api=4 type=1 insize=5804 outsize=892 kw= ok=1
Cmd: compileSnippet
  api=4 type=0 insize=5798 outsize=1298 kw= ok=1
Cmd: compileSnippet
  api=4 type=1 insize=5798 outsize=2623 kw= ok=1
Cmd: compileSnippet
  api=4 type=0 insize=5797 outsize=1298 kw= ok=1
Cmd: compileSnippet
  api=4 type=1 insize=5797 outsize=2777 kw= ok=1
Cmd: compileSnippet
  api=4 type=0 insize=5800 outsize=1298 kw= ok=1
Cmd: compileSnippet
  api=4 type=1 insize=5800 outsize=2891 kw= ok=1
Cmd: compileSnippet
  api=4 type=0 insize=5800 outsize=1298 kw= ok=1
Cmd: compileSnippet
  api=4 type=1 insize=5800 outsize=2948 kw= ok=1
Cmd: compileSnippet
  api=4 type=0 insize=5802 outsize=1298 kw= ok=1
Cmd: compileSnippet
  api=4 type=1 insize=5802 outsize=998 kw= ok=1
Cmd: preprocess
  insize=1367 outsize=391 ok=1
Cmd: compileSnippet
  api=4 type=0 insize=1277 outsize=1583 kw= ok=1
Cmd: compileSnippet
  api=4 type=1 insize=1277 outsize=1152 kw= ok=1
Cmd: preprocess
  insize=33409 outsize=270 ok=1
Cmd: compileSnippet
  api=4 type=0 insize=33441 outsize=990 kw= ok=1
Cmd: compileSnippet
  api=4 type=1 insize=33441 outsize=10683 kw= ok=1
Cmd: preprocess
  insize=5347 outsize=1767 ok=1
Cmd: compileSnippet
  api=4 type=0 insize=3883 outsize=1753 kw= ok=1
Cmd: compileSnippet
  api=4 type=1 insize=3883 outsize=4557 kw= ok=1
Cmd: preprocess
  insize=2379 outsize=1086 ok=1
Cmd: compileSnippet
  api=4 type=0 insize=1592 outsize=1274 kw=SOFTPARTICLES_OFF ok=1
Cmd: compileSnippet
  api=4 type=1 insize=1592 outsize=908 kw=SOFTPARTICLES_OFF ok=1
Cmd: preprocess
  insize=6924 outsize=251 ok=1
Cmd: compileSnippet
  api=4 type=0 insize=6975 outsize=1380 kw= ok=1
Cmd: compileSnippet
  api=4 type=1 insize=6975 outsize=4418 kw= ok=1
Cmd: preprocess
  insize=4414 outsize=444 ok=1
Cmd: compileSnippet
  api=4 type=0 insize=4238 outsize=2200 kw= ok=1
Cmd: compileSnippet
  api=4 type=1 insize=4238 outsize=4297 kw= ok=1
Cmd: compileSnippet
  api=4 type=0 insize=4244 outsize=2200 kw= ok=1
Cmd: compileSnippet
  api=4 type=1 insize=4244 outsize=3362 kw= ok=1
Cmd: preprocess
  insize=4830 outsize=933 ok=1
Cmd: compileSnippet
  api=4 type=0 insize=4099 outsize=1298 kw= ok=1
Cmd: compileSnippet
  api=4 type=1 insize=4099 outsize=1201 kw= ok=1
Cmd: compileSnippet
  api=4 type=0 insize=4108 outsize=1233 kw= ok=1
Cmd: compileSnippet
  api=4 type=1 insize=4108 outsize=1185 kw= ok=1
Cmd: compileSnippet
  api=4 type=0 insize=4100 outsize=1298 kw= ok=1
Cmd: compileSnippet
  api=4 type=1 insize=4100 outsize=1705 kw= ok=1
Cmd: compileSnippet
  api=4 type=0 insize=4102 outsize=1298 kw= ok=1
Cmd: compileSnippet
  api=4 type=1 insize=4102 outsize=1656 kw= ok=1
Cmd: compileSnippet
  api=4 type=0 insize=4097 outsize=1298 kw= ok=1
Cmd: compileSnippet
  api=4 type=1 insize=4097 outsize=973 kw= ok=1
Cmd: preprocess
  insize=1373 outsize=404 ok=1
Cmd: compileSnippet
  api=4 type=0 insize=1271 outsize=1461 kw= ok=1
Cmd: compileSnippet
  api=4 type=1 insize=1271 outsize=1071 kw= ok=1
Cmd: preprocess
  insize=5974 outsize=1284 ok=1
Cmd: compileSnippet
  api=4 type=0 insize=4411 outsize=1428 kw= ok=1
Cmd: compileSnippet
  api=4 type=1 insize=4411 outsize=2509 kw= ok=1
Cmd: compileSnippet
  api=4 type=0 insize=3455 outsize=1185 kw= ok=1
Cmd: compileSnippet
  api=4 type=1 insize=3455 outsize=1656 kw= ok=1
Cmd: compileSnippet
  api=4 type=4 insize=3455 outsize=3590 kw= ok=1
Cmd: compileSnippet
  api=4 type=0 insize=3455 outsize=1185 kw= ok=1
Cmd: compileSnippet
  api=4 type=1 insize=3455 outsize=1656 kw= ok=1
Cmd: compileSnippet
  api=4 type=4 insize=3455 outsize=3590 kw= ok=1
Cmd: preprocess
  insize=770 outsize=305 ok=1
Cmd: compileSnippet
  api=4 type=0 insize=767 outsize=990 kw= ok=1
Cmd: compileSnippet
  api=4 type=1 insize=767 outsize=657 kw= ok=1
Cmd: preprocess
  insize=692 outsize=317 ok=1
Cmd: compileSnippet
  api=4 type=0 insize=675 outsize=990 kw= ok=1
Cmd: compileSnippet
  api=4 type=1 insize=675 outsize=1047 kw= ok=1
Cmd: preprocess
  insize=3850 outsize=664 ok=1
Cmd: compileSnippet
  api=4 type=0 insize=3382 outsize=990 kw= ok=1
Cmd: compileSnippet
  api=4 type=1 insize=3382 outsize=1258 kw= ok=1
Cmd: compileSnippet
  api=4 type=0 insize=3390 outsize=2135 kw= ok=1
Cmd: compileSnippet
  api=4 type=1 insize=3390 outsize=1835 kw= ok=1
Cmd: compileSnippet
  api=4 type=0 insize=3399 outsize=2119 kw= ok=1
Cmd: compileSnippet
  api=4 type=1 insize=3399 outsize=2192 kw= ok=1
Cmd: compileSnippet
  api=4 type=0 insize=3394 outsize=2119 kw= ok=1
Cmd: compileSnippet
  api=4 type=1 insize=3394 outsize=2030 kw= ok=1
Cmd: preprocess
  insize=851 outsize=294 ok=1
Cmd: compileSnippet
  api=4 type=0 insize=862 outsize=990 kw= ok=1
Cmd: compileSnippet
  api=4 type=1 insize=862 outsize=1087 kw= ok=1
Cmd: preprocess
  insize=1331 outsize=291 ok=1
Cmd: compileSnippet
  api=4 type=0 insize=1345 outsize=1558 kw= ok=1
Cmd: compileSnippet
  api=4 type=1 insize=1345 outsize=1940 kw= ok=1
Cmd: preprocess
  insize=2135 outsize=1002 ok=1
Cmd: compileSnippet
  api=4 type=0 insize=892 outsize=1071 kw= ok=1
Cmd: compileSnippet
  api=4 type=1 insize=892 outsize=738 kw= ok=1
Cmd: compileSnippet
  api=4 type=0 insize=846 outsize=1071 kw= ok=1
Cmd: compileSnippet
  api=4 type=1 insize=846 outsize=600 kw= ok=1
Cmd: preprocess
  insize=5316 outsize=741 ok=1
Cmd: compileSnippet
  api=4 type=0 insize=4829 outsize=998 kw= ok=1
Cmd: compileSnippet
  api=4 type=1 insize=4829 outsize=1948 kw= ok=1
Cmd: compileSnippet
  api=4 type=0 insize=4835 outsize=998 kw= ok=1
Cmd: compileSnippet
  api=4 type=1 insize=4835 outsize=1680 kw= ok=1
Cmd: compileSnippet
  api=4 type=0 insize=4845 outsize=998 kw= ok=1
Cmd: compileSnippet
  api=4 type=1 insize=4845 outsize=6450 kw= ok=1
Cmd: preprocess
  insize=1072 outsize=494 ok=1
Cmd: compileSnippet
  api=4 type=0 insize=880 outsize=1128 kw= ok=1
Cmd: compileSnippet
  api=4 type=1 insize=880 outsize=1022 kw= ok=1
Cmd: preprocess
  insize=1210 outsize=386 ok=1
Cmd: compileSnippet
  api=4 type=0 insize=1129 outsize=1233 kw= ok=1
Cmd: compileSnippet
  api=4 type=1 insize=1129 outsize=1185 kw= ok=1
Cmd: preprocess
  insize=553 outsize=259 ok=1
Cmd: compileSnippet
  api=4 type=0 insize=596 outsize=827 kw= ok=1
Cmd: compileSnippet
  api=4 type=1 insize=596 outsize=437 kw= ok=1
Cmd: preprocess
  insize=698 outsize=311 ok=1
Cmd: compileSnippet
  api=4 type=0 insize=691 outsize=990 kw= ok=1
Cmd: compileSnippet
  api=4 type=1 insize=691 outsize=713 kw= ok=1
Cmd: preprocess
  insize=5240 outsize=920 ok=1
Cmd: compileSnippet
  api=4 type=0 insize=4548 outsize=1583 kw= ok=1
Cmd: compileSnippet
  api=4 type=1 insize=4548 outsize=1307 kw= ok=1
Cmd: compileSnippet
  api=4 type=0 insize=4553 outsize=1396 kw= ok=1
Cmd: compileSnippet
  api=4 type=1 insize=4553 outsize=1518 kw= ok=1
Cmd: compileSnippet
  api=4 type=0 insize=4554 outsize=1396 kw= ok=1
Cmd: compileSnippet
  api=4 type=1 insize=4554 outsize=1518 kw= ok=1
Cmd: compileSnippet
  api=4 type=0 insize=4558 outsize=1753 kw= ok=1
Cmd: compileSnippet
  api=4 type=1 insize=4558 outsize=1786 kw= ok=1
Cmd: compileSnippet
  api=4 type=0 insize=4559 outsize=1753 kw= ok=1
Cmd: compileSnippet
  api=4 type=1 insize=4559 outsize=1786 kw= ok=1
Cmd: compileSnippet
  api=4 type=0 insize=7683 outsize=1298 kw=DIRECTIONAL ok=1
Cmd: compileSnippet
  api=4 type=1 insize=7683 outsize=3037 kw=DIRECTIONAL ok=1
Cmd: compileSnippet
  api=4 type=2 insize=7683 outsize=7750 kw=DIRECTIONAL ok=1
Cmd: compileSnippet
  api=4 type=3 insize=7683 outsize=6303 kw=DIRECTIONAL ok=1
Cmd: compileSnippet
  api=4 type=0 insize=7518 outsize=1298 kw=DIRECTIONAL ok=1
Cmd: compileSnippet
  api=4 type=1 insize=7518 outsize=3037 kw=DIRECTIONAL ok=1
Cmd: compileSnippet
  api=4 type=2 insize=7518 outsize=7815 kw=DIRECTIONAL ok=1
Cmd: compileSnippet
  api=4 type=3 insize=7518 outsize=5337 kw=DIRECTIONAL ok=1
Cmd: compileSnippet
  api=4 type=0 insize=3908 outsize=2737 kw=DIRECTIONAL ok=1
Cmd: compileSnippet
  api=4 type=1 insize=3908 outsize=1355 kw=DIRECTIONAL ok=1
